<?xml version="1.0" encoding="UTF-8"?>
<testsuite xmlns:xsi="http://www.w3.org/2001/XMLSchema-instance" xsi:noNamespaceSchemaLocation="https://maven.apache.org/surefire/maven-surefire-plugin/xsd/surefire-test-report.xsd" name="cn.onedawn.triggertest.TriggerDubboListenerApplicationTests" time="19.507" tests="1" errors="0" skipped="0" failures="0">
  <properties>
    <property name="sun.desktop" value="windows"/>
    <property name="awt.toolkit" value="sun.awt.windows.WToolkit"/>
    <property name="file.encoding.pkg" value="sun.io"/>
    <property name="java.specification.version" value="1.8"/>
    <property name="sun.cpu.isalist" value="amd64"/>
    <property name="sun.jnu.encoding" value="GBK"/>
    <property name="java.class.path" value="C:\Users\yqm02\IdeaProjects\my-trigger\trigger-test\target\test-classes;C:\Users\yqm02\IdeaProjects\my-trigger\trigger-test\target\classes;C:\Users\yqm02\.m2\repository\cn\onedawn\mytrigger\trigger-client\1.0-SNAPSHOT\trigger-client-1.0-SNAPSHOT.jar;C:\Users\yqm02\.m2\repository\cn\onedawn\mytrigger\trigger-common\1.0-SNAPSHOT\trigger-common-1.0-SNAPSHOT.jar;C:\Users\yqm02\.m2\repository\org\slf4j\slf4j-api\1.7.32\slf4j-api-1.7.32.jar;C:\Users\yqm02\.m2\repository\org\apache\commons\commons-lang3\3.12.0\commons-lang3-3.12.0.jar;C:\Users\yqm02\.m2\repository\com\alibaba\fastjson\1.2.78\fastjson-1.2.78.jar;C:\Users\yqm02\.m2\repository\org\apache\rocketmq\rocketmq-client\4.9.2\rocketmq-client-4.9.2.jar;C:\Users\yqm02\.m2\repository\org\apache\rocketmq\rocketmq-common\4.9.2\rocketmq-common-4.9.2.jar;C:\Users\yqm02\.m2\repository\org\apache\rocketmq\rocketmq-remoting\4.9.2\rocketmq-remoting-4.9.2.jar;C:\Users\yqm02\.m2\repository\org\apache\rocketmq\rocketmq-logging\4.9.2\rocketmq-logging-4.9.2.jar;C:\Users\yqm02\.m2\repository\commons-validator\commons-validator\1.7\commons-validator-1.7.jar;C:\Users\yqm02\.m2\repository\commons-beanutils\commons-beanutils\1.9.4\commons-beanutils-1.9.4.jar;C:\Users\yqm02\.m2\repository\commons-digester\commons-digester\2.1\commons-digester-2.1.jar;C:\Users\yqm02\.m2\repository\commons-logging\commons-logging\1.2\commons-logging-1.2.jar;C:\Users\yqm02\.m2\repository\commons-collections\commons-collections\3.2.2\commons-collections-3.2.2.jar;C:\Users\yqm02\.m2\repository\org\springframework\spring-context\5.3.12\spring-context-5.3.12.jar;C:\Users\yqm02\.m2\repository\org\springframework\spring-beans\5.3.12\spring-beans-5.3.12.jar;C:\Users\yqm02\.m2\repository\org\apache\dubbo\dubbo\3.0.4\dubbo-3.0.4.jar;C:\Users\yqm02\.m2\repository\com\alibaba\spring\spring-context-support\1.0.8\spring-context-support-1.0.8.jar;C:\Users\yqm02\.m2\repository\org\javassist\javassist\3.23.1-GA\javassist-3.23.1-GA.jar;C:\Users\yqm02\.m2\repository\io\netty\netty-all\4.1.69.Final\netty-all-4.1.69.Final.jar;C:\Users\yqm02\.m2\repository\io\netty\netty-buffer\4.1.69.Final\netty-buffer-4.1.69.Final.jar;C:\Users\yqm02\.m2\repository\io\netty\netty-codec\4.1.69.Final\netty-codec-4.1.69.Final.jar;C:\Users\yqm02\.m2\repository\io\netty\netty-codec-dns\4.1.69.Final\netty-codec-dns-4.1.69.Final.jar;C:\Users\yqm02\.m2\repository\io\netty\netty-codec-haproxy\4.1.69.Final\netty-codec-haproxy-4.1.69.Final.jar;C:\Users\yqm02\.m2\repository\io\netty\netty-codec-http\4.1.69.Final\netty-codec-http-4.1.69.Final.jar;C:\Users\yqm02\.m2\repository\io\netty\netty-codec-http2\4.1.69.Final\netty-codec-http2-4.1.69.Final.jar;C:\Users\yqm02\.m2\repository\io\netty\netty-codec-memcache\4.1.69.Final\netty-codec-memcache-4.1.69.Final.jar;C:\Users\yqm02\.m2\repository\io\netty\netty-codec-mqtt\4.1.69.Final\netty-codec-mqtt-4.1.69.Final.jar;C:\Users\yqm02\.m2\repository\io\netty\netty-codec-redis\4.1.69.Final\netty-codec-redis-4.1.69.Final.jar;C:\Users\yqm02\.m2\repository\io\netty\netty-codec-smtp\4.1.69.Final\netty-codec-smtp-4.1.69.Final.jar;C:\Users\yqm02\.m2\repository\io\netty\netty-codec-socks\4.1.69.Final\netty-codec-socks-4.1.69.Final.jar;C:\Users\yqm02\.m2\repository\io\netty\netty-codec-stomp\4.1.69.Final\netty-codec-stomp-4.1.69.Final.jar;C:\Users\yqm02\.m2\repository\io\netty\netty-codec-xml\4.1.69.Final\netty-codec-xml-4.1.69.Final.jar;C:\Users\yqm02\.m2\repository\com\fasterxml\aalto-xml\1.0.0\aalto-xml-1.0.0.jar;C:\Users\yqm02\.m2\repository\org\codehaus\woodstox\stax2-api\4.0.0\stax2-api-4.0.0.jar;C:\Users\yqm02\.m2\repository\io\netty\netty-common\4.1.69.Final\netty-common-4.1.69.Final.jar;C:\Users\yqm02\.m2\repository\io\netty\netty-handler\4.1.69.Final\netty-handler-4.1.69.Final.jar;C:\Users\yqm02\.m2\repository\io\netty\netty-handler-proxy\4.1.69.Final\netty-handler-proxy-4.1.69.Final.jar;C:\Users\yqm02\.m2\repository\io\netty\netty-resolver\4.1.69.Final\netty-resolver-4.1.69.Final.jar;C:\Users\yqm02\.m2\repository\io\netty\netty-resolver-dns\4.1.69.Final\netty-resolver-dns-4.1.69.Final.jar;C:\Users\yqm02\.m2\repository\io\netty\netty-transport\4.1.69.Final\netty-transport-4.1.69.Final.jar;C:\Users\yqm02\.m2\repository\io\netty\netty-transport-rxtx\4.1.69.Final\netty-transport-rxtx-4.1.69.Final.jar;C:\Users\yqm02\.m2\repository\org\rxtx\rxtx\2.1.7\rxtx-2.1.7.jar;C:\Users\yqm02\.m2\repository\io\netty\netty-transport-sctp\4.1.69.Final\netty-transport-sctp-4.1.69.Final.jar;C:\Users\yqm02\.m2\repository\io\netty\netty-transport-udt\4.1.69.Final\netty-transport-udt-4.1.69.Final.jar;C:\Users\yqm02\.m2\repository\com\barchart\udt\barchart-udt-bundle\2.3.0\barchart-udt-bundle-2.3.0.jar;C:\Users\yqm02\.m2\repository\io\netty\netty-transport-native-epoll\4.1.69.Final\netty-transport-native-epoll-4.1.69.Final.jar;C:\Users\yqm02\.m2\repository\io\netty\netty-transport-native-unix-common\4.1.69.Final\netty-transport-native-unix-common-4.1.69.Final.jar;C:\Users\yqm02\.m2\repository\io\netty\netty-transport-native-kqueue\4.1.69.Final\netty-transport-native-kqueue-4.1.69.Final.jar;C:\Users\yqm02\.m2\repository\io\netty\netty-resolver-dns-native-macos\4.1.69.Final\netty-resolver-dns-native-macos-4.1.69.Final.jar;C:\Users\yqm02\.m2\repository\io\netty\netty-transport-native-epoll\4.1.69.Final\netty-transport-native-epoll-4.1.69.Final-linux-x86_64.jar;C:\Users\yqm02\.m2\repository\io\netty\netty-transport-native-epoll\4.1.69.Final\netty-transport-native-epoll-4.1.69.Final-linux-aarch_64.jar;C:\Users\yqm02\.m2\repository\io\netty\netty-transport-native-kqueue\4.1.69.Final\netty-transport-native-kqueue-4.1.69.Final-osx-x86_64.jar;C:\Users\yqm02\.m2\repository\io\netty\netty-transport-native-kqueue\4.1.69.Final\netty-transport-native-kqueue-4.1.69.Final-osx-aarch_64.jar;C:\Users\yqm02\.m2\repository\io\netty\netty-resolver-dns-native-macos\4.1.69.Final\netty-resolver-dns-native-macos-4.1.69.Final-osx-x86_64.jar;C:\Users\yqm02\.m2\repository\io\netty\netty-resolver-dns-native-macos\4.1.69.Final\netty-resolver-dns-native-macos-4.1.69.Final-osx-aarch_64.jar;C:\Users\yqm02\.m2\repository\com\google\code\gson\gson\2.8.8\gson-2.8.8.jar;C:\Users\yqm02\.m2\repository\org\roaringbitmap\RoaringBitmap\0.9.0\RoaringBitmap-0.9.0.jar;C:\Users\yqm02\.m2\repository\org\roaringbitmap\shims\0.9.0\shims-0.9.0.jar;C:\Users\yqm02\.m2\repository\org\apache\curator\curator-x-discovery\4.2.0\curator-x-discovery-4.2.0.jar;C:\Users\yqm02\.m2\repository\org\apache\curator\curator-recipes\4.2.0\curator-recipes-4.2.0.jar;C:\Users\yqm02\.m2\repository\org\apache\curator\curator-framework\4.2.0\curator-framework-4.2.0.jar;C:\Users\yqm02\.m2\repository\org\apache\curator\curator-client\4.2.0\curator-client-4.2.0.jar;C:\Users\yqm02\.m2\repository\com\google\guava\guava\27.0.1-jre\guava-27.0.1-jre.jar;C:\Users\yqm02\.m2\repository\com\google\guava\failureaccess\1.0.1\failureaccess-1.0.1.jar;C:\Users\yqm02\.m2\repository\com\google\guava\listenablefuture\9999.0-empty-to-avoid-conflict-with-guava\listenablefuture-9999.0-empty-to-avoid-conflict-with-guava.jar;C:\Users\yqm02\.m2\repository\com\google\code\findbugs\jsr305\3.0.2\jsr305-3.0.2.jar;C:\Users\yqm02\.m2\repository\org\checkerframework\checker-qual\2.5.2\checker-qual-2.5.2.jar;C:\Users\yqm02\.m2\repository\com\google\errorprone\error_prone_annotations\2.2.0\error_prone_annotations-2.2.0.jar;C:\Users\yqm02\.m2\repository\com\google\j2objc\j2objc-annotations\1.1\j2objc-annotations-1.1.jar;C:\Users\yqm02\.m2\repository\org\codehaus\mojo\animal-sniffer-annotations\1.17\animal-sniffer-annotations-1.17.jar;C:\Users\yqm02\.m2\repository\org\apache\zookeeper\zookeeper\3.4.13\zookeeper-3.4.13.jar;C:\Users\yqm02\.m2\repository\org\slf4j\slf4j-log4j12\1.7.32\slf4j-log4j12-1.7.32.jar;C:\Users\yqm02\.m2\repository\log4j\log4j\1.2.17\log4j-1.2.17.jar;C:\Users\yqm02\.m2\repository\jline\jline\0.9.94\jline-0.9.94.jar;C:\Users\yqm02\.m2\repository\org\apache\yetus\audience-annotations\0.5.0\audience-annotations-0.5.0.jar;C:\Users\yqm02\.m2\repository\io\netty\netty\3.10.6.Final\netty-3.10.6.Final.jar;C:\Users\yqm02\.m2\repository\cn\hutool\hutool-all\5.7.15\hutool-all-5.7.15.jar;C:\Users\yqm02\.m2\repository\org\springframework\boot\spring-boot-starter-web\2.5.6\spring-boot-starter-web-2.5.6.jar;C:\Users\yqm02\.m2\repository\org\springframework\boot\spring-boot-starter\2.5.6\spring-boot-starter-2.5.6.jar;C:\Users\yqm02\.m2\repository\jakarta\annotation\jakarta.annotation-api\1.3.5\jakarta.annotation-api-1.3.5.jar;C:\Users\yqm02\.m2\repository\org\yaml\snakeyaml\1.28\snakeyaml-1.28.jar;C:\Users\yqm02\.m2\repository\org\springframework\boot\spring-boot-starter-json\2.5.6\spring-boot-starter-json-2.5.6.jar;C:\Users\yqm02\.m2\repository\com\fasterxml\jackson\core\jackson-databind\2.12.5\jackson-databind-2.12.5.jar;C:\Users\yqm02\.m2\repository\com\fasterxml\jackson\core\jackson-annotations\2.12.5\jackson-annotations-2.12.5.jar;C:\Users\yqm02\.m2\repository\com\fasterxml\jackson\core\jackson-core\2.12.5\jackson-core-2.12.5.jar;C:\Users\yqm02\.m2\repository\com\fasterxml\jackson\datatype\jackson-datatype-jdk8\2.12.5\jackson-datatype-jdk8-2.12.5.jar;C:\Users\yqm02\.m2\repository\com\fasterxml\jackson\datatype\jackson-datatype-jsr310\2.12.5\jackson-datatype-jsr310-2.12.5.jar;C:\Users\yqm02\.m2\repository\com\fasterxml\jackson\module\jackson-module-parameter-names\2.12.5\jackson-module-parameter-names-2.12.5.jar;C:\Users\yqm02\.m2\repository\org\springframework\boot\spring-boot-starter-tomcat\2.5.6\spring-boot-starter-tomcat-2.5.6.jar;C:\Users\yqm02\.m2\repository\org\apache\tomcat\embed\tomcat-embed-core\9.0.54\tomcat-embed-core-9.0.54.jar;C:\Users\yqm02\.m2\repository\org\apache\tomcat\embed\tomcat-embed-el\9.0.54\tomcat-embed-el-9.0.54.jar;C:\Users\yqm02\.m2\repository\org\apache\tomcat\embed\tomcat-embed-websocket\9.0.54\tomcat-embed-websocket-9.0.54.jar;C:\Users\yqm02\.m2\repository\org\springframework\spring-web\5.3.12\spring-web-5.3.12.jar;C:\Users\yqm02\.m2\repository\org\springframework\spring-webmvc\5.3.12\spring-webmvc-5.3.12.jar;C:\Users\yqm02\.m2\repository\org\springframework\spring-aop\5.3.12\spring-aop-5.3.12.jar;C:\Users\yqm02\.m2\repository\org\springframework\spring-expression\5.3.12\spring-expression-5.3.12.jar;C:\Users\yqm02\.m2\repository\org\springframework\boot\spring-boot-devtools\2.5.6\spring-boot-devtools-2.5.6.jar;C:\Users\yqm02\.m2\repository\org\springframework\boot\spring-boot\2.5.6\spring-boot-2.5.6.jar;C:\Users\yqm02\.m2\repository\org\springframework\boot\spring-boot-autoconfigure\2.5.6\spring-boot-autoconfigure-2.5.6.jar;C:\Users\yqm02\.m2\repository\org\projectlombok\lombok\1.18.22\lombok-1.18.22.jar;C:\Users\yqm02\.m2\repository\org\springframework\boot\spring-boot-starter-test\2.5.6\spring-boot-starter-test-2.5.6.jar;C:\Users\yqm02\.m2\repository\org\springframework\boot\spring-boot-test\2.5.6\spring-boot-test-2.5.6.jar;C:\Users\yqm02\.m2\repository\org\springframework\boot\spring-boot-test-autoconfigure\2.5.6\spring-boot-test-autoconfigure-2.5.6.jar;C:\Users\yqm02\.m2\repository\com\jayway\jsonpath\json-path\2.5.0\json-path-2.5.0.jar;C:\Users\yqm02\.m2\repository\net\minidev\json-smart\2.4.7\json-smart-2.4.7.jar;C:\Users\yqm02\.m2\repository\net\minidev\accessors-smart\2.4.7\accessors-smart-2.4.7.jar;C:\Users\yqm02\.m2\repository\org\ow2\asm\asm\9.1\asm-9.1.jar;C:\Users\yqm02\.m2\repository\jakarta\xml\bind\jakarta.xml.bind-api\2.3.3\jakarta.xml.bind-api-2.3.3.jar;C:\Users\yqm02\.m2\repository\jakarta\activation\jakarta.activation-api\1.2.2\jakarta.activation-api-1.2.2.jar;C:\Users\yqm02\.m2\repository\org\assertj\assertj-core\3.19.0\assertj-core-3.19.0.jar;C:\Users\yqm02\.m2\repository\org\hamcrest\hamcrest\2.2\hamcrest-2.2.jar;C:\Users\yqm02\.m2\repository\org\junit\jupiter\junit-jupiter\5.7.2\junit-jupiter-5.7.2.jar;C:\Users\yqm02\.m2\repository\org\junit\jupiter\junit-jupiter-api\5.7.2\junit-jupiter-api-5.7.2.jar;C:\Users\yqm02\.m2\repository\org\apiguardian\apiguardian-api\1.1.0\apiguardian-api-1.1.0.jar;C:\Users\yqm02\.m2\repository\org\opentest4j\opentest4j\1.2.0\opentest4j-1.2.0.jar;C:\Users\yqm02\.m2\repository\org\junit\platform\junit-platform-commons\1.7.2\junit-platform-commons-1.7.2.jar;C:\Users\yqm02\.m2\repository\org\junit\jupiter\junit-jupiter-params\5.7.2\junit-jupiter-params-5.7.2.jar;C:\Users\yqm02\.m2\repository\org\junit\jupiter\junit-jupiter-engine\5.7.2\junit-jupiter-engine-5.7.2.jar;C:\Users\yqm02\.m2\repository\org\junit\platform\junit-platform-engine\1.7.2\junit-platform-engine-1.7.2.jar;C:\Users\yqm02\.m2\repository\org\mockito\mockito-core\3.9.0\mockito-core-3.9.0.jar;C:\Users\yqm02\.m2\repository\net\bytebuddy\byte-buddy\1.10.22\byte-buddy-1.10.22.jar;C:\Users\yqm02\.m2\repository\net\bytebuddy\byte-buddy-agent\1.10.22\byte-buddy-agent-1.10.22.jar;C:\Users\yqm02\.m2\repository\org\objenesis\objenesis\3.2\objenesis-3.2.jar;C:\Users\yqm02\.m2\repository\org\mockito\mockito-junit-jupiter\3.9.0\mockito-junit-jupiter-3.9.0.jar;C:\Users\yqm02\.m2\repository\org\skyscreamer\jsonassert\1.5.0\jsonassert-1.5.0.jar;C:\Users\yqm02\.m2\repository\com\vaadin\external\google\android-json\0.0.20131108.vaadin1\android-json-0.0.20131108.vaadin1.jar;C:\Users\yqm02\.m2\repository\org\springframework\spring-core\5.3.12\spring-core-5.3.12.jar;C:\Users\yqm02\.m2\repository\org\springframework\spring-jcl\5.3.12\spring-jcl-5.3.12.jar;C:\Users\yqm02\.m2\repository\org\springframework\spring-test\5.3.12\spring-test-5.3.12.jar;C:\Users\yqm02\.m2\repository\org\xmlunit\xmlunit-core\2.8.3\xmlunit-core-2.8.3.jar;"/>
    <property name="java.vm.vendor" value="Oracle Corporation"/>
    <property name="sun.arch.data.model" value="64"/>
    <property name="user.variant" value=""/>
    <property name="java.vendor.url" value="http://java.oracle.com/"/>
    <property name="user.timezone" value="Asia/Shanghai"/>
    <property name="java.vm.specification.version" value="1.8"/>
    <property name="os.name" value="Windows 10"/>
    <property name="user.country" value="CN"/>
    <property name="sun.java.launcher" value="SUN_STANDARD"/>
    <property name="sun.boot.library.path" value="C:\Program Files\Java\jdk1.8.0_301\jre\bin"/>
    <property name="sun.java.command" value="C:\Users\yqm02\AppData\Local\Temp\surefire1774607133349342084\surefirebooter3828543539983278670.jar C:\Users\yqm02\AppData\Local\Temp\surefire1774607133349342084 2021-12-22T14-03-43_705-jvmRun1 surefire1156578215451664092tmp surefire_0500717949564170992tmp"/>
    <property name="surefire.test.class.path" value="C:\Users\yqm02\IdeaProjects\my-trigger\trigger-test\target\test-classes;C:\Users\yqm02\IdeaProjects\my-trigger\trigger-test\target\classes;C:\Users\yqm02\.m2\repository\cn\onedawn\mytrigger\trigger-client\1.0-SNAPSHOT\trigger-client-1.0-SNAPSHOT.jar;C:\Users\yqm02\.m2\repository\cn\onedawn\mytrigger\trigger-common\1.0-SNAPSHOT\trigger-common-1.0-SNAPSHOT.jar;C:\Users\yqm02\.m2\repository\org\slf4j\slf4j-api\1.7.32\slf4j-api-1.7.32.jar;C:\Users\yqm02\.m2\repository\org\apache\commons\commons-lang3\3.12.0\commons-lang3-3.12.0.jar;C:\Users\yqm02\.m2\repository\com\alibaba\fastjson\1.2.78\fastjson-1.2.78.jar;C:\Users\yqm02\.m2\repository\org\apache\rocketmq\rocketmq-client\4.9.2\rocketmq-client-4.9.2.jar;C:\Users\yqm02\.m2\repository\org\apache\rocketmq\rocketmq-common\4.9.2\rocketmq-common-4.9.2.jar;C:\Users\yqm02\.m2\repository\org\apache\rocketmq\rocketmq-remoting\4.9.2\rocketmq-remoting-4.9.2.jar;C:\Users\yqm02\.m2\repository\org\apache\rocketmq\rocketmq-logging\4.9.2\rocketmq-logging-4.9.2.jar;C:\Users\yqm02\.m2\repository\commons-validator\commons-validator\1.7\commons-validator-1.7.jar;C:\Users\yqm02\.m2\repository\commons-beanutils\commons-beanutils\1.9.4\commons-beanutils-1.9.4.jar;C:\Users\yqm02\.m2\repository\commons-digester\commons-digester\2.1\commons-digester-2.1.jar;C:\Users\yqm02\.m2\repository\commons-logging\commons-logging\1.2\commons-logging-1.2.jar;C:\Users\yqm02\.m2\repository\commons-collections\commons-collections\3.2.2\commons-collections-3.2.2.jar;C:\Users\yqm02\.m2\repository\org\springframework\spring-context\5.3.12\spring-context-5.3.12.jar;C:\Users\yqm02\.m2\repository\org\springframework\spring-beans\5.3.12\spring-beans-5.3.12.jar;C:\Users\yqm02\.m2\repository\org\apache\dubbo\dubbo\3.0.4\dubbo-3.0.4.jar;C:\Users\yqm02\.m2\repository\com\alibaba\spring\spring-context-support\1.0.8\spring-context-support-1.0.8.jar;C:\Users\yqm02\.m2\repository\org\javassist\javassist\3.23.1-GA\javassist-3.23.1-GA.jar;C:\Users\yqm02\.m2\repository\io\netty\netty-all\4.1.69.Final\netty-all-4.1.69.Final.jar;C:\Users\yqm02\.m2\repository\io\netty\netty-buffer\4.1.69.Final\netty-buffer-4.1.69.Final.jar;C:\Users\yqm02\.m2\repository\io\netty\netty-codec\4.1.69.Final\netty-codec-4.1.69.Final.jar;C:\Users\yqm02\.m2\repository\io\netty\netty-codec-dns\4.1.69.Final\netty-codec-dns-4.1.69.Final.jar;C:\Users\yqm02\.m2\repository\io\netty\netty-codec-haproxy\4.1.69.Final\netty-codec-haproxy-4.1.69.Final.jar;C:\Users\yqm02\.m2\repository\io\netty\netty-codec-http\4.1.69.Final\netty-codec-http-4.1.69.Final.jar;C:\Users\yqm02\.m2\repository\io\netty\netty-codec-http2\4.1.69.Final\netty-codec-http2-4.1.69.Final.jar;C:\Users\yqm02\.m2\repository\io\netty\netty-codec-memcache\4.1.69.Final\netty-codec-memcache-4.1.69.Final.jar;C:\Users\yqm02\.m2\repository\io\netty\netty-codec-mqtt\4.1.69.Final\netty-codec-mqtt-4.1.69.Final.jar;C:\Users\yqm02\.m2\repository\io\netty\netty-codec-redis\4.1.69.Final\netty-codec-redis-4.1.69.Final.jar;C:\Users\yqm02\.m2\repository\io\netty\netty-codec-smtp\4.1.69.Final\netty-codec-smtp-4.1.69.Final.jar;C:\Users\yqm02\.m2\repository\io\netty\netty-codec-socks\4.1.69.Final\netty-codec-socks-4.1.69.Final.jar;C:\Users\yqm02\.m2\repository\io\netty\netty-codec-stomp\4.1.69.Final\netty-codec-stomp-4.1.69.Final.jar;C:\Users\yqm02\.m2\repository\io\netty\netty-codec-xml\4.1.69.Final\netty-codec-xml-4.1.69.Final.jar;C:\Users\yqm02\.m2\repository\com\fasterxml\aalto-xml\1.0.0\aalto-xml-1.0.0.jar;C:\Users\yqm02\.m2\repository\org\codehaus\woodstox\stax2-api\4.0.0\stax2-api-4.0.0.jar;C:\Users\yqm02\.m2\repository\io\netty\netty-common\4.1.69.Final\netty-common-4.1.69.Final.jar;C:\Users\yqm02\.m2\repository\io\netty\netty-handler\4.1.69.Final\netty-handler-4.1.69.Final.jar;C:\Users\yqm02\.m2\repository\io\netty\netty-handler-proxy\4.1.69.Final\netty-handler-proxy-4.1.69.Final.jar;C:\Users\yqm02\.m2\repository\io\netty\netty-resolver\4.1.69.Final\netty-resolver-4.1.69.Final.jar;C:\Users\yqm02\.m2\repository\io\netty\netty-resolver-dns\4.1.69.Final\netty-resolver-dns-4.1.69.Final.jar;C:\Users\yqm02\.m2\repository\io\netty\netty-transport\4.1.69.Final\netty-transport-4.1.69.Final.jar;C:\Users\yqm02\.m2\repository\io\netty\netty-transport-rxtx\4.1.69.Final\netty-transport-rxtx-4.1.69.Final.jar;C:\Users\yqm02\.m2\repository\org\rxtx\rxtx\2.1.7\rxtx-2.1.7.jar;C:\Users\yqm02\.m2\repository\io\netty\netty-transport-sctp\4.1.69.Final\netty-transport-sctp-4.1.69.Final.jar;C:\Users\yqm02\.m2\repository\io\netty\netty-transport-udt\4.1.69.Final\netty-transport-udt-4.1.69.Final.jar;C:\Users\yqm02\.m2\repository\com\barchart\udt\barchart-udt-bundle\2.3.0\barchart-udt-bundle-2.3.0.jar;C:\Users\yqm02\.m2\repository\io\netty\netty-transport-native-epoll\4.1.69.Final\netty-transport-native-epoll-4.1.69.Final.jar;C:\Users\yqm02\.m2\repository\io\netty\netty-transport-native-unix-common\4.1.69.Final\netty-transport-native-unix-common-4.1.69.Final.jar;C:\Users\yqm02\.m2\repository\io\netty\netty-transport-native-kqueue\4.1.69.Final\netty-transport-native-kqueue-4.1.69.Final.jar;C:\Users\yqm02\.m2\repository\io\netty\netty-resolver-dns-native-macos\4.1.69.Final\netty-resolver-dns-native-macos-4.1.69.Final.jar;C:\Users\yqm02\.m2\repository\io\netty\netty-transport-native-epoll\4.1.69.Final\netty-transport-native-epoll-4.1.69.Final-linux-x86_64.jar;C:\Users\yqm02\.m2\repository\io\netty\netty-transport-native-epoll\4.1.69.Final\netty-transport-native-epoll-4.1.69.Final-linux-aarch_64.jar;C:\Users\yqm02\.m2\repository\io\netty\netty-transport-native-kqueue\4.1.69.Final\netty-transport-native-kqueue-4.1.69.Final-osx-x86_64.jar;C:\Users\yqm02\.m2\repository\io\netty\netty-transport-native-kqueue\4.1.69.Final\netty-transport-native-kqueue-4.1.69.Final-osx-aarch_64.jar;C:\Users\yqm02\.m2\repository\io\netty\netty-resolver-dns-native-macos\4.1.69.Final\netty-resolver-dns-native-macos-4.1.69.Final-osx-x86_64.jar;C:\Users\yqm02\.m2\repository\io\netty\netty-resolver-dns-native-macos\4.1.69.Final\netty-resolver-dns-native-macos-4.1.69.Final-osx-aarch_64.jar;C:\Users\yqm02\.m2\repository\com\google\code\gson\gson\2.8.8\gson-2.8.8.jar;C:\Users\yqm02\.m2\repository\org\roaringbitmap\RoaringBitmap\0.9.0\RoaringBitmap-0.9.0.jar;C:\Users\yqm02\.m2\repository\org\roaringbitmap\shims\0.9.0\shims-0.9.0.jar;C:\Users\yqm02\.m2\repository\org\apache\curator\curator-x-discovery\4.2.0\curator-x-discovery-4.2.0.jar;C:\Users\yqm02\.m2\repository\org\apache\curator\curator-recipes\4.2.0\curator-recipes-4.2.0.jar;C:\Users\yqm02\.m2\repository\org\apache\curator\curator-framework\4.2.0\curator-framework-4.2.0.jar;C:\Users\yqm02\.m2\repository\org\apache\curator\curator-client\4.2.0\curator-client-4.2.0.jar;C:\Users\yqm02\.m2\repository\com\google\guava\guava\27.0.1-jre\guava-27.0.1-jre.jar;C:\Users\yqm02\.m2\repository\com\google\guava\failureaccess\1.0.1\failureaccess-1.0.1.jar;C:\Users\yqm02\.m2\repository\com\google\guava\listenablefuture\9999.0-empty-to-avoid-conflict-with-guava\listenablefuture-9999.0-empty-to-avoid-conflict-with-guava.jar;C:\Users\yqm02\.m2\repository\com\google\code\findbugs\jsr305\3.0.2\jsr305-3.0.2.jar;C:\Users\yqm02\.m2\repository\org\checkerframework\checker-qual\2.5.2\checker-qual-2.5.2.jar;C:\Users\yqm02\.m2\repository\com\google\errorprone\error_prone_annotations\2.2.0\error_prone_annotations-2.2.0.jar;C:\Users\yqm02\.m2\repository\com\google\j2objc\j2objc-annotations\1.1\j2objc-annotations-1.1.jar;C:\Users\yqm02\.m2\repository\org\codehaus\mojo\animal-sniffer-annotations\1.17\animal-sniffer-annotations-1.17.jar;C:\Users\yqm02\.m2\repository\org\apache\zookeeper\zookeeper\3.4.13\zookeeper-3.4.13.jar;C:\Users\yqm02\.m2\repository\org\slf4j\slf4j-log4j12\1.7.32\slf4j-log4j12-1.7.32.jar;C:\Users\yqm02\.m2\repository\log4j\log4j\1.2.17\log4j-1.2.17.jar;C:\Users\yqm02\.m2\repository\jline\jline\0.9.94\jline-0.9.94.jar;C:\Users\yqm02\.m2\repository\org\apache\yetus\audience-annotations\0.5.0\audience-annotations-0.5.0.jar;C:\Users\yqm02\.m2\repository\io\netty\netty\3.10.6.Final\netty-3.10.6.Final.jar;C:\Users\yqm02\.m2\repository\cn\hutool\hutool-all\5.7.15\hutool-all-5.7.15.jar;C:\Users\yqm02\.m2\repository\org\springframework\boot\spring-boot-starter-web\2.5.6\spring-boot-starter-web-2.5.6.jar;C:\Users\yqm02\.m2\repository\org\springframework\boot\spring-boot-starter\2.5.6\spring-boot-starter-2.5.6.jar;C:\Users\yqm02\.m2\repository\jakarta\annotation\jakarta.annotation-api\1.3.5\jakarta.annotation-api-1.3.5.jar;C:\Users\yqm02\.m2\repository\org\yaml\snakeyaml\1.28\snakeyaml-1.28.jar;C:\Users\yqm02\.m2\repository\org\springframework\boot\spring-boot-starter-json\2.5.6\spring-boot-starter-json-2.5.6.jar;C:\Users\yqm02\.m2\repository\com\fasterxml\jackson\core\jackson-databind\2.12.5\jackson-databind-2.12.5.jar;C:\Users\yqm02\.m2\repository\com\fasterxml\jackson\core\jackson-annotations\2.12.5\jackson-annotations-2.12.5.jar;C:\Users\yqm02\.m2\repository\com\fasterxml\jackson\core\jackson-core\2.12.5\jackson-core-2.12.5.jar;C:\Users\yqm02\.m2\repository\com\fasterxml\jackson\datatype\jackson-datatype-jdk8\2.12.5\jackson-datatype-jdk8-2.12.5.jar;C:\Users\yqm02\.m2\repository\com\fasterxml\jackson\datatype\jackson-datatype-jsr310\2.12.5\jackson-datatype-jsr310-2.12.5.jar;C:\Users\yqm02\.m2\repository\com\fasterxml\jackson\module\jackson-module-parameter-names\2.12.5\jackson-module-parameter-names-2.12.5.jar;C:\Users\yqm02\.m2\repository\org\springframework\boot\spring-boot-starter-tomcat\2.5.6\spring-boot-starter-tomcat-2.5.6.jar;C:\Users\yqm02\.m2\repository\org\apache\tomcat\embed\tomcat-embed-core\9.0.54\tomcat-embed-core-9.0.54.jar;C:\Users\yqm02\.m2\repository\org\apache\tomcat\embed\tomcat-embed-el\9.0.54\tomcat-embed-el-9.0.54.jar;C:\Users\yqm02\.m2\repository\org\apache\tomcat\embed\tomcat-embed-websocket\9.0.54\tomcat-embed-websocket-9.0.54.jar;C:\Users\yqm02\.m2\repository\org\springframework\spring-web\5.3.12\spring-web-5.3.12.jar;C:\Users\yqm02\.m2\repository\org\springframework\spring-webmvc\5.3.12\spring-webmvc-5.3.12.jar;C:\Users\yqm02\.m2\repository\org\springframework\spring-aop\5.3.12\spring-aop-5.3.12.jar;C:\Users\yqm02\.m2\repository\org\springframework\spring-expression\5.3.12\spring-expression-5.3.12.jar;C:\Users\yqm02\.m2\repository\org\springframework\boot\spring-boot-devtools\2.5.6\spring-boot-devtools-2.5.6.jar;C:\Users\yqm02\.m2\repository\org\springframework\boot\spring-boot\2.5.6\spring-boot-2.5.6.jar;C:\Users\yqm02\.m2\repository\org\springframework\boot\spring-boot-autoconfigure\2.5.6\spring-boot-autoconfigure-2.5.6.jar;C:\Users\yqm02\.m2\repository\org\projectlombok\lombok\1.18.22\lombok-1.18.22.jar;C:\Users\yqm02\.m2\repository\org\springframework\boot\spring-boot-starter-test\2.5.6\spring-boot-starter-test-2.5.6.jar;C:\Users\yqm02\.m2\repository\org\springframework\boot\spring-boot-test\2.5.6\spring-boot-test-2.5.6.jar;C:\Users\yqm02\.m2\repository\org\springframework\boot\spring-boot-test-autoconfigure\2.5.6\spring-boot-test-autoconfigure-2.5.6.jar;C:\Users\yqm02\.m2\repository\com\jayway\jsonpath\json-path\2.5.0\json-path-2.5.0.jar;C:\Users\yqm02\.m2\repository\net\minidev\json-smart\2.4.7\json-smart-2.4.7.jar;C:\Users\yqm02\.m2\repository\net\minidev\accessors-smart\2.4.7\accessors-smart-2.4.7.jar;C:\Users\yqm02\.m2\repository\org\ow2\asm\asm\9.1\asm-9.1.jar;C:\Users\yqm02\.m2\repository\jakarta\xml\bind\jakarta.xml.bind-api\2.3.3\jakarta.xml.bind-api-2.3.3.jar;C:\Users\yqm02\.m2\repository\jakarta\activation\jakarta.activation-api\1.2.2\jakarta.activation-api-1.2.2.jar;C:\Users\yqm02\.m2\repository\org\assertj\assertj-core\3.19.0\assertj-core-3.19.0.jar;C:\Users\yqm02\.m2\repository\org\hamcrest\hamcrest\2.2\hamcrest-2.2.jar;C:\Users\yqm02\.m2\repository\org\junit\jupiter\junit-jupiter\5.7.2\junit-jupiter-5.7.2.jar;C:\Users\yqm02\.m2\repository\org\junit\jupiter\junit-jupiter-api\5.7.2\junit-jupiter-api-5.7.2.jar;C:\Users\yqm02\.m2\repository\org\apiguardian\apiguardian-api\1.1.0\apiguardian-api-1.1.0.jar;C:\Users\yqm02\.m2\repository\org\opentest4j\opentest4j\1.2.0\opentest4j-1.2.0.jar;C:\Users\yqm02\.m2\repository\org\junit\platform\junit-platform-commons\1.7.2\junit-platform-commons-1.7.2.jar;C:\Users\yqm02\.m2\repository\org\junit\jupiter\junit-jupiter-params\5.7.2\junit-jupiter-params-5.7.2.jar;C:\Users\yqm02\.m2\repository\org\junit\jupiter\junit-jupiter-engine\5.7.2\junit-jupiter-engine-5.7.2.jar;C:\Users\yqm02\.m2\repository\org\junit\platform\junit-platform-engine\1.7.2\junit-platform-engine-1.7.2.jar;C:\Users\yqm02\.m2\repository\org\mockito\mockito-core\3.9.0\mockito-core-3.9.0.jar;C:\Users\yqm02\.m2\repository\net\bytebuddy\byte-buddy\1.10.22\byte-buddy-1.10.22.jar;C:\Users\yqm02\.m2\repository\net\bytebuddy\byte-buddy-agent\1.10.22\byte-buddy-agent-1.10.22.jar;C:\Users\yqm02\.m2\repository\org\objenesis\objenesis\3.2\objenesis-3.2.jar;C:\Users\yqm02\.m2\repository\org\mockito\mockito-junit-jupiter\3.9.0\mockito-junit-jupiter-3.9.0.jar;C:\Users\yqm02\.m2\repository\org\skyscreamer\jsonassert\1.5.0\jsonassert-1.5.0.jar;C:\Users\yqm02\.m2\repository\com\vaadin\external\google\android-json\0.0.20131108.vaadin1\android-json-0.0.20131108.vaadin1.jar;C:\Users\yqm02\.m2\repository\org\springframework\spring-core\5.3.12\spring-core-5.3.12.jar;C:\Users\yqm02\.m2\repository\org\springframework\spring-jcl\5.3.12\spring-jcl-5.3.12.jar;C:\Users\yqm02\.m2\repository\org\springframework\spring-test\5.3.12\spring-test-5.3.12.jar;C:\Users\yqm02\.m2\repository\org\xmlunit\xmlunit-core\2.8.3\xmlunit-core-2.8.3.jar;"/>
    <property name="sun.cpu.endian" value="little"/>
    <property name="user.home" value="C:\Users\yqm02"/>
    <property name="user.language" value="zh"/>
    <property name="java.specification.vendor" value="Oracle Corporation"/>
    <property name="java.home" value="C:\Program Files\Java\jdk1.8.0_301\jre"/>
    <property name="basedir" value="C:\Users\yqm02\IdeaProjects\my-trigger\trigger-test"/>
    <property name="file.separator" value="\"/>
    <property name="line.separator" value="&#10;"/>
    <property name="java.vm.specification.vendor" value="Oracle Corporation"/>
    <property name="java.specification.name" value="Java Platform API Specification"/>
    <property name="java.awt.graphicsenv" value="sun.awt.Win32GraphicsEnvironment"/>
    <property name="surefire.real.class.path" value="C:\Users\yqm02\AppData\Local\Temp\surefire1774607133349342084\surefirebooter3828543539983278670.jar"/>
    <property name="sun.boot.class.path" value="C:\Program Files\Java\jdk1.8.0_301\jre\lib\resources.jar;C:\Program Files\Java\jdk1.8.0_301\jre\lib\rt.jar;C:\Program Files\Java\jdk1.8.0_301\jre\lib\sunrsasign.jar;C:\Program Files\Java\jdk1.8.0_301\jre\lib\jsse.jar;C:\Program Files\Java\jdk1.8.0_301\jre\lib\jce.jar;C:\Program Files\Java\jdk1.8.0_301\jre\lib\charsets.jar;C:\Program Files\Java\jdk1.8.0_301\jre\lib\jfr.jar;C:\Program Files\Java\jdk1.8.0_301\jre\classes"/>
    <property name="user.script" value=""/>
    <property name="sun.management.compiler" value="HotSpot 64-Bit Tiered Compilers"/>
    <property name="java.runtime.version" value="1.8.0_301-b09"/>
    <property name="user.name" value="yqm02"/>
    <property name="path.separator" value=";"/>
    <property name="os.version" value="10.0"/>
    <property name="java.endorsed.dirs" value="C:\Program Files\Java\jdk1.8.0_301\jre\lib\endorsed"/>
    <property name="java.runtime.name" value="Java(TM) SE Runtime Environment"/>
    <property name="file.encoding" value="GBK"/>
    <property name="java.vm.name" value="Java HotSpot(TM) 64-Bit Server VM"/>
    <property name="localRepository" value="C:\Users\yqm02\.m2\repository"/>
    <property name="java.vendor.url.bug" value="http://bugreport.sun.com/bugreport/"/>
    <property name="java.io.tmpdir" value="C:\Users\yqm02\AppData\Local\Temp\"/>
    <property name="idea.version" value="2021.2.1"/>
    <property name="java.version" value="1.8.0_301"/>
    <property name="user.dir" value="C:\Users\yqm02\IdeaProjects\my-trigger\trigger-test"/>
    <property name="os.arch" value="amd64"/>
    <property name="java.vm.specification.name" value="Java Virtual Machine Specification"/>
    <property name="java.awt.printerjob" value="sun.awt.windows.WPrinterJob"/>
    <property name="sun.os.patch.level" value=""/>
    <property name="java.library.path" value="C:\Program Files\Java\jdk1.8.0_301\jre\bin;C:\Windows\Sun\Java\bin;C:\Windows\system32;C:\Windows;C:\Program Files\MySQL\MySQL Server 8.0\bin;C:\Program Files (x86)\Common Files\Oracle\Java\javapath;C:\Program Files (x86)\VMware\VMware Workstation\bin\;C:\Windows\system32;C:\Windows;C:\Windows\System32\Wbem;C:\Windows\System32\WindowsPowerShell\v1.0\;C:\Windows\System32\OpenSSH\;C:\Program Files\Java\jdk1.8.0_301\bin;C:\Program Files\Java\jdk1.8.0_301\jre\bin;C:\Program Files\Git\cmd;C:\Program Files\gradle-7.2\bin;C:\Program Files\JetBrains\IntelliJ IDEA 2021.2.1\plugins\maven\lib\maven3\bin;C:\Users\yqm02\AppData\Local\Microsoft\WindowsApps;;."/>
    <property name="java.vm.info" value="mixed mode"/>
    <property name="java.vendor" value="Oracle Corporation"/>
    <property name="java.vm.version" value="25.301-b09"/>
    <property name="java.ext.dirs" value="C:\Program Files\Java\jdk1.8.0_301\jre\lib\ext;C:\Windows\Sun\Java\lib\ext"/>
    <property name="sun.io.unicode.encoding" value="UnicodeLittle"/>
    <property name="java.class.version" value="52.0"/>
  </properties>
  <testcase name="contextLoads" classname="cn.onedawn.triggertest.TriggerDubboListenerApplicationTests" time="0.213"/>
</testsuite>